Added Component: Designator=C1(Capacitor 100n (cor verniz))
Add component. Clean all parameters for all variants
Added Component: Designator=C2(Capacitor 100n (cor verniz))
Add component. Clean all parameters for all variants
Added Component: Designator=C3(Capacitor 100n (cor verniz))
Add component. Clean all parameters for all variants
Added Component: Designator=C4(Capacitor 1000u 25V)
Add component. Clean all parameters for all variants
Added Component: Designator=C5(Capacitor 1000u 25V)
Add component. Clean all parameters for all variants
Added Component: Designator=C6(Capacitor 1000u 25V)
Add component. Clean all parameters for all variants
Added Component: Designator=C7(Capacitor 1000u 25V)
Add component. Clean all parameters for all variants
Added Component: Designator=C8(Capacitor 100n (cor verniz))
Add component. Clean all parameters for all variants
Added Component: Designator=C9(Capacitor 100n (cor verniz))
Add component. Clean all parameters for all variants
Added Component: Designator=D1(Diode 0.4)
Add component. Clean all parameters for all variants
Added Component: Designator=D2(Diode 0.4)
Add component. Clean all parameters for all variants
Added Component: Designator=D3(Diode 0.4)
Add component. Clean all parameters for all variants
Added Component: Designator=D4(LED PTH)
Add component. Clean all parameters for all variants
Added Component: Designator=D5(Diode 0.4)
Add component. Clean all parameters for all variants
Added Component: Designator=D6(Diode 0.4)
Add component. Clean all parameters for all variants
Added Component: Designator=D7(Diode 0.4)
Add component. Clean all parameters for all variants
Added Component: Designator=D8(LED PTH)
Add component. Clean all parameters for all variants
Added Component: Designator=PH2(PINHEAD3)
Add component. Clean all parameters for all variants
Added Component: Designator=R1(Resistor Axial 0.4)
Add component. Clean all parameters for all variants
Added Component: Designator=R2(Resistor Axial 0.4)
Add component. Clean all parameters for all variants
Added Component: Designator=R3(Resistor Axial 0.4)
Add component. Clean all parameters for all variants
Added Component: Designator=R4(Resistor Axial 0.4)
Add component. Clean all parameters for all variants
Added Component: Designator=TB1(TBlock)
Add component. Clean all parameters for all variants
Added Component: Designator=TB2(TBlock)
Add component. Clean all parameters for all variants
Added Component: Designator=TB3(TBlock)
Add component. Clean all parameters for all variants
Added Component: Designator=U1(LM317/337)
Add component. Clean all parameters for all variants
Added Component: Designator=U2(LM317/337)
Add component. Clean all parameters for all variants
Added Component: Designator=U3(74HC14)
Add component. Clean all parameters for all variants
Added Component: Designator=U4(UCC37322/21)
Add component. Clean all parameters for all variants
Added Component: Designator=U5(UCC37322/21)
Add component. Clean all parameters for all variants
Added Pin To Net: NetName=1Y/2A Pin=U3-2
Added Pin To Net: NetName=1Y/2A Pin=U3-3
Added Net: Name=1Y/2A
Added Pin To Net: NetName=5V Pin=C7-2
Added Pin To Net: NetName=5V Pin=D6-K
Added Pin To Net: NetName=5V Pin=PH2-3
Added Pin To Net: NetName=5V Pin=R1-2
Added Pin To Net: NetName=5V Pin=U2-3
Added Pin To Net: NetName=5V Pin=U3-14
Added Net: Name=5V
Added Pin To Net: NetName=12V Pin=C1-2
Added Pin To Net: NetName=12V Pin=C2-2
Added Pin To Net: NetName=12V Pin=C6-2
Added Pin To Net: NetName=12V Pin=U1-3
Added Pin To Net: NetName=12V Pin=U2-1
Added Pin To Net: NetName=12V Pin=U4-1
Added Pin To Net: NetName=12V Pin=U4-8
Added Pin To Net: NetName=12V Pin=U5-1
Added Pin To Net: NetName=12V Pin=U5-8
Added Net: Name=12V
Added Pin To Net: NetName=FeedBack Pin=U3-4
Added Pin To Net: NetName=FeedBack Pin=U4-2
Added Pin To Net: NetName=FeedBack Pin=U5-2
Added Net: Name=FeedBack
Added Pin To Net: NetName=GND Pin=C1-1
Added Pin To Net: NetName=GND Pin=C2-1
Added Pin To Net: NetName=GND Pin=C3-1
Added Pin To Net: NetName=GND Pin=C4-1
Added Pin To Net: NetName=GND Pin=C5-1
Added Pin To Net: NetName=GND Pin=C6-1
Added Pin To Net: NetName=GND Pin=C7-1
Added Pin To Net: NetName=GND Pin=D3-A
Added Pin To Net: NetName=GND Pin=D4-2
Added Pin To Net: NetName=GND Pin=D5-A
Added Pin To Net: NetName=GND Pin=D7-A
Added Pin To Net: NetName=GND Pin=D8-2
Added Pin To Net: NetName=GND Pin=PH2-1
Added Pin To Net: NetName=GND Pin=R3-1
Added Pin To Net: NetName=GND Pin=TB3-1
Added Pin To Net: NetName=GND Pin=U1-2
Added Pin To Net: NetName=GND Pin=U2-2
Added Pin To Net: NetName=GND Pin=U3-7
Added Pin To Net: NetName=GND Pin=U4-4
Added Pin To Net: NetName=GND Pin=U4-5
Added Pin To Net: NetName=GND Pin=U5-4
Added Pin To Net: NetName=GND Pin=U5-5
Added Net: Name=GND
Added Pin To Net: NetName=IntIn Pin=R4-2
Added Pin To Net: NetName=IntIn Pin=U4-3
Added Pin To Net: NetName=IntIn Pin=U5-3
Added Net: Name=IntIn
Added Pin To Net: NetName=NetC8_1 Pin=C8-1
Added Pin To Net: NetName=NetC8_1 Pin=U4-6
Added Pin To Net: NetName=NetC8_1 Pin=U4-7
Added Net: Name=NetC8_1
Added Pin To Net: NetName=NetC8_2 Pin=C8-2
Added Pin To Net: NetName=NetC8_2 Pin=TB1-1
Added Net: Name=NetC8_2
Added Pin To Net: NetName=NetC9_1 Pin=C9-1
Added Pin To Net: NetName=NetC9_1 Pin=TB3-2
Added Net: Name=NetC9_1
Added Pin To Net: NetName=NetC9_2 Pin=C9-2
Added Pin To Net: NetName=NetC9_2 Pin=D6-A
Added Pin To Net: NetName=NetC9_2 Pin=D7-K
Added Pin To Net: NetName=NetC9_2 Pin=U3-1
Added Net: Name=NetC9_2
Added Pin To Net: NetName=NetD1_A Pin=D1-A
Added Pin To Net: NetName=NetD1_A Pin=D3-K
Added Pin To Net: NetName=NetD1_A Pin=TB2-2
Added Net: Name=NetD1_A
Added Pin To Net: NetName=NetD2_A Pin=D2-A
Added Pin To Net: NetName=NetD2_A Pin=D5-K
Added Pin To Net: NetName=NetD2_A Pin=TB2-1
Added Net: Name=NetD2_A
Added Pin To Net: NetName=NetD4_1 Pin=D4-1
Added Pin To Net: NetName=NetD4_1 Pin=R1-1
Added Net: Name=NetD4_1
Added Pin To Net: NetName=NetD8_1 Pin=D8-1
Added Pin To Net: NetName=NetD8_1 Pin=R2-2
Added Net: Name=NetD8_1
Added Pin To Net: NetName=NetPH2_2 Pin=PH2-2
Added Pin To Net: NetName=NetPH2_2 Pin=R2-1
Added Pin To Net: NetName=NetPH2_2 Pin=R3-2
Added Pin To Net: NetName=NetPH2_2 Pin=R4-1
Added Net: Name=NetPH2_2
Added Pin To Net: NetName=NetTB1_2 Pin=TB1-2
Added Pin To Net: NetName=NetTB1_2 Pin=U5-6
Added Pin To Net: NetName=NetTB1_2 Pin=U5-7
Added Net: Name=NetTB1_2
Added Pin To Net: NetName=VCC Pin=C3-2
Added Pin To Net: NetName=VCC Pin=C4-2
Added Pin To Net: NetName=VCC Pin=C5-2
Added Pin To Net: NetName=VCC Pin=D1-K
Added Pin To Net: NetName=VCC Pin=D2-K
Added Pin To Net: NetName=VCC Pin=U1-1
Added Net: Name=VCC
Added Class: Name=Sheet1
Added Room: Name=Sheet1
